<?xml version="1.0" encoding="utf-8"?><testsuites name="pytest tests"><testsuite name="pytest" errors="40" failures="0" skipped="0" tests="40" time="7.792" timestamp="2025-10-05T16:07:35.869781+02:00" hostname="SeanMiniPC"><testcase classname="" name="config.test_db_manager" file="config/test_db_manager.py" time="0.000"><error message="collection failure">config\test_db_manager.py:19: in &lt;module&gt;
    from .test_settings import TestSettings, get_test_settings
&lt;frozen importlib._bootstrap&gt;:1360: in _find_and_load
    ???
&lt;frozen importlib._bootstrap&gt;:1331: in _find_and_load_unlocked
    ???
&lt;frozen importlib._bootstrap&gt;:935: in _load_unlocked
    ???
..\AppData\Roaming\Python\Python313\site-packages\_pytest\assertion\rewrite.py:186: in exec_module
    exec(co, module.__dict__)
config\test_settings.py:15: in &lt;module&gt;
    from .settings import Settings as BaseSettings
config\settings.py:114: in &lt;module&gt;
    settings = Settings()
               ^^^^^^^^^^
..\AppData\Roaming\Python\Python313\site-packages\pydantic_settings\main.py:188: in __init__
    super().__init__(
E   pydantic_core._pydantic_core.ValidationError: 20 validation errors for Settings
E   REDIS_PASSWORD
E     Extra inputs are not permitted [type=extra_forbidden, input_value='Apexsigma123_', input_type=str]
E       For further information visit https://errors.pydantic.dev/2.11/v/extra_forbidden
E   INGEST_LLM_LANGFUSE_HOST
E     Extra inputs are not permitted [type=extra_forbidden, input_value='https://cloud.langfuse.com', input_type=str]
E       For further information visit https://errors.pydantic.dev/2.11/v/extra_forbidden
E   INGEST_LLM_LANGFUSE_PUBLIC_KEY
E     Extra inputs are not permitted [type=extra_forbidden, input_value='pk-lf-REDACTED_FOR_COMMIT', input_type=str]
E       For further information visit https://errors.pydantic.dev/2.11/v/extra_forbidden
E   INGEST_LLM_LANGFUSE_SECRET_KEY
E     Extra inputs are not permitted [type=extra_forbidden, input_value='REDACTED_FOR_COMMIT', input_type=str]
E       For further information visit https://errors.pydantic.dev/2.11/v/extra_forbidden
E   DEVENVIRO_LANGFUSE_HOST
E     Extra inputs are not permitted [type=extra_forbidden, input_value='https://cloud.langfuse.com', input_type=str]
E       For further information visit https://errors.pydantic.dev/2.11/v/extra_forbidden
E   DEVENVIRO_LANGFUSE_PUBLIC_KEY
E     Extra inputs are not permitted [type=extra_forbidden, input_value='pk-lf-REDACTED_FOR_COMMIT', input_type=str]
E       For further information visit https://errors.pydantic.dev/2.11/v/extra_forbidden
E   DEVENVIRO_LANGFUSE_SECRET_KEY
E     Extra inputs are not permitted [type=extra_forbidden, input_value='REDACTED_FOR_COMMIT', input_type=str]
E       For further information visit https://errors.pydantic.dev/2.11/v/extra_forbidden
E   MEMOS_LANGFUSE_HOST
E     Extra inputs are not permitted [type=extra_forbidden, input_value='https://cloud.langfuse.com', input_type=str]
E       For further information visit https://errors.pydantic.dev/2.11/v/extra_forbidden
E   MEMOS_LANGFUSE_PUBLIC_KEY
E     Extra inputs are not permitted [type=extra_forbidden, input_value='pk-lf-REDACTED_FOR_COMMIT', input_type=str]
E       For further information visit https://errors.pydantic.dev/2.11/v/extra_forbidden
E   MEMOS_LANGFUSE_SECRET_KEY
E     Extra inputs are not permitted [type=extra_forbidden, input_value='REDACTED_FOR_COMMIT', input_type=str]
E       For further information visit https://errors.pydantic.dev/2.11/v/extra_forbidden
E   TOOLS_LANGFUSE_HOST
E     Extra inputs are not permitted [type=extra_forbidden, input_value='https://cloud.langfuse.com', input_type=str]
E       For further information visit https://errors.pydantic.dev/2.11/v/extra_forbidden
E   TOOLS_LANGFUSE_PUBLIC_KEY
E     Extra inputs are not permitted [type=extra_forbidden, input_value='pk-lf-REDACTED_FOR_COMMIT', input_type=str]
E       For further information visit https://errors.pydantic.dev/2.11/v/extra_forbidden
E   TOOLS_LANGFUSE_SECRET_KEY
E     Extra inputs are not permitted [type=extra_forbidden, input_value='REDACTED_FOR_COMMIT', input_type=str]
E       For further information visit https://errors.pydantic.dev/2.11/v/extra_forbidden
E   CLICKHOUSE_HOST
E     Extra inputs are not permitted [type=extra_forbidden, input_value='clickhouse', input_type=str]
E       For further information visit https://errors.pydantic.dev/2.11/v/extra_forbidden
E   CLICKHOUSE_PORT
E     Extra inputs are not permitted [type=extra_forbidden, input_value='8123', input_type=str]
E       For further information visit https://errors.pydantic.dev/2.11/v/extra_forbidden
E   CLICKHOUSE_USER
E     Extra inputs are not permitted [type=extra_forbidden, input_value='clickhouse_user', input_type=str]
E       For further information visit https://errors.pydantic.dev/2.11/v/extra_forbidden
E   CLICKHOUSE_PASSWORD
E     Extra inputs are not permitted [type=extra_forbidden, input_value='Apexsigma123_', input_type=str]
E       For further information visit https://errors.pydantic.dev/2.11/v/extra_forbidden
E   CLICKHOUSE_DB
E     Extra inputs are not permitted [type=extra_forbidden, input_value='apexsigma_observability', input_type=str]
E       For further information visit https://errors.pydantic.dev/2.11/v/extra_forbidden
E   CLICKHOUSE_NATIVE_PORT
E     Extra inputs are not permitted [type=extra_forbidden, input_value='9000', input_type=str]
E       For further information visit https://errors.pydantic.dev/2.11/v/extra_forbidden
E   CLICKHOUSE_URL
E     Extra inputs are not permitted [type=extra_forbidden, input_value='http://clickhouse_user:A...apexsigma_observability', input_type=str]
E       For further information visit https://errors.pydantic.dev/2.11/v/extra_forbidden</error></testcase><testcase classname="" name="config.test_fixtures" file="config/test_fixtures.py" time="0.000"><error message="collection failure">config\test_fixtures.py:16: in &lt;module&gt;
    from .test_db_manager import (
&lt;frozen importlib._bootstrap&gt;:1360: in _find_and_load
    ???
&lt;frozen importlib._bootstrap&gt;:1331: in _find_and_load_unlocked
    ???
&lt;frozen importlib._bootstrap&gt;:935: in _load_unlocked
    ???
..\AppData\Roaming\Python\Python313\site-packages\_pytest\assertion\rewrite.py:186: in exec_module
    exec(co, module.__dict__)
config\test_db_manager.py:19: in &lt;module&gt;
    from .test_settings import TestSettings, get_test_settings
&lt;frozen importlib._bootstrap&gt;:1360: in _find_and_load
    ???
&lt;frozen importlib._bootstrap&gt;:1331: in _find_and_load_unlocked
    ???
&lt;frozen importlib._bootstrap&gt;:935: in _load_unlocked
    ???
..\AppData\Roaming\Python\Python313\site-packages\_pytest\assertion\rewrite.py:186: in exec_module
    exec(co, module.__dict__)
config\test_settings.py:15: in &lt;module&gt;
    from .settings import Settings as BaseSettings
config\settings.py:114: in &lt;module&gt;
    settings = Settings()
               ^^^^^^^^^^
..\AppData\Roaming\Python\Python313\site-packages\pydantic_settings\main.py:188: in __init__
    super().__init__(
E   pydantic_core._pydantic_core.ValidationError: 20 validation errors for Settings
E   REDIS_PASSWORD
E     Extra inputs are not permitted [type=extra_forbidden, input_value='Apexsigma123_', input_type=str]
E       For further information visit https://errors.pydantic.dev/2.11/v/extra_forbidden
E   INGEST_LLM_LANGFUSE_HOST
E     Extra inputs are not permitted [type=extra_forbidden, input_value='https://cloud.langfuse.com', input_type=str]
E       For further information visit https://errors.pydantic.dev/2.11/v/extra_forbidden
E   INGEST_LLM_LANGFUSE_PUBLIC_KEY
E     Extra inputs are not permitted [type=extra_forbidden, input_value='pk-lf-REDACTED_FOR_COMMIT', input_type=str]
E       For further information visit https://errors.pydantic.dev/2.11/v/extra_forbidden
E   INGEST_LLM_LANGFUSE_SECRET_KEY
E     Extra inputs are not permitted [type=extra_forbidden, input_value='REDACTED_FOR_COMMIT', input_type=str]
E       For further information visit https://errors.pydantic.dev/2.11/v/extra_forbidden
E   DEVENVIRO_LANGFUSE_HOST
E     Extra inputs are not permitted [type=extra_forbidden, input_value='https://cloud.langfuse.com', input_type=str]
E       For further information visit https://errors.pydantic.dev/2.11/v/extra_forbidden
E   DEVENVIRO_LANGFUSE_PUBLIC_KEY
E     Extra inputs are not permitted [type=extra_forbidden, input_value='pk-lf-REDACTED_FOR_COMMIT', input_type=str]
E       For further information visit https://errors.pydantic.dev/2.11/v/extra_forbidden
E   DEVENVIRO_LANGFUSE_SECRET_KEY
E     Extra inputs are not permitted [type=extra_forbidden, input_value='REDACTED_FOR_COMMIT', input_type=str]
E       For further information visit https://errors.pydantic.dev/2.11/v/extra_forbidden
E   MEMOS_LANGFUSE_HOST
E     Extra inputs are not permitted [type=extra_forbidden, input_value='https://cloud.langfuse.com', input_type=str]
E       For further information visit https://errors.pydantic.dev/2.11/v/extra_forbidden
E   MEMOS_LANGFUSE_PUBLIC_KEY
E     Extra inputs are not permitted [type=extra_forbidden, input_value='pk-lf-REDACTED_FOR_COMMIT', input_type=str]
E       For further information visit https://errors.pydantic.dev/2.11/v/extra_forbidden
E   MEMOS_LANGFUSE_SECRET_KEY
E     Extra inputs are not permitted [type=extra_forbidden, input_value='REDACTED_FOR_COMMIT', input_type=str]
E       For further information visit https://errors.pydantic.dev/2.11/v/extra_forbidden
E   TOOLS_LANGFUSE_HOST
E     Extra inputs are not permitted [type=extra_forbidden, input_value='https://cloud.langfuse.com', input_type=str]
E       For further information visit https://errors.pydantic.dev/2.11/v/extra_forbidden
E   TOOLS_LANGFUSE_PUBLIC_KEY
E     Extra inputs are not permitted [type=extra_forbidden, input_value='pk-lf-REDACTED_FOR_COMMIT', input_type=str]
E       For further information visit https://errors.pydantic.dev/2.11/v/extra_forbidden
E   TOOLS_LANGFUSE_SECRET_KEY
E     Extra inputs are not permitted [type=extra_forbidden, input_value='REDACTED_FOR_COMMIT', input_type=str]
E       For further information visit https://errors.pydantic.dev/2.11/v/extra_forbidden
E   CLICKHOUSE_HOST
E     Extra inputs are not permitted [type=extra_forbidden, input_value='clickhouse', input_type=str]
E       For further information visit https://errors.pydantic.dev/2.11/v/extra_forbidden
E   CLICKHOUSE_PORT
E     Extra inputs are not permitted [type=extra_forbidden, input_value='8123', input_type=str]
E       For further information visit https://errors.pydantic.dev/2.11/v/extra_forbidden
E   CLICKHOUSE_USER
E     Extra inputs are not permitted [type=extra_forbidden, input_value='clickhouse_user', input_type=str]
E       For further information visit https://errors.pydantic.dev/2.11/v/extra_forbidden
E   CLICKHOUSE_PASSWORD
E     Extra inputs are not permitted [type=extra_forbidden, input_value='Apexsigma123_', input_type=str]
E       For further information visit https://errors.pydantic.dev/2.11/v/extra_forbidden
E   CLICKHOUSE_DB
E     Extra inputs are not permitted [type=extra_forbidden, input_value='apexsigma_observability', input_type=str]
E       For further information visit https://errors.pydantic.dev/2.11/v/extra_forbidden
E   CLICKHOUSE_NATIVE_PORT
E     Extra inputs are not permitted [type=extra_forbidden, input_value='9000', input_type=str]
E       For further information visit https://errors.pydantic.dev/2.11/v/extra_forbidden
E   CLICKHOUSE_URL
E     Extra inputs are not permitted [type=extra_forbidden, input_value='http://clickhouse_user:A...apexsigma_observability', input_type=str]
E       For further information visit https://errors.pydantic.dev/2.11/v/extra_forbidden</error></testcase><testcase classname="" name="config.test_settings" file="config/test_settings.py" time="0.000"><error message="collection failure">config\test_settings.py:15: in &lt;module&gt;
    from .settings import Settings as BaseSettings
config\settings.py:114: in &lt;module&gt;
    settings = Settings()
               ^^^^^^^^^^
..\AppData\Roaming\Python\Python313\site-packages\pydantic_settings\main.py:188: in __init__
    super().__init__(
E   pydantic_core._pydantic_core.ValidationError: 20 validation errors for Settings
E   REDIS_PASSWORD
E     Extra inputs are not permitted [type=extra_forbidden, input_value='Apexsigma123_', input_type=str]
E       For further information visit https://errors.pydantic.dev/2.11/v/extra_forbidden
E   INGEST_LLM_LANGFUSE_HOST
E     Extra inputs are not permitted [type=extra_forbidden, input_value='https://cloud.langfuse.com', input_type=str]
E       For further information visit https://errors.pydantic.dev/2.11/v/extra_forbidden
E   INGEST_LLM_LANGFUSE_PUBLIC_KEY
E     Extra inputs are not permitted [type=extra_forbidden, input_value='pk-lf-REDACTED_FOR_COMMIT', input_type=str]
E       For further information visit https://errors.pydantic.dev/2.11/v/extra_forbidden
E   INGEST_LLM_LANGFUSE_SECRET_KEY
E     Extra inputs are not permitted [type=extra_forbidden, input_value='REDACTED_FOR_COMMIT', input_type=str]
E       For further information visit https://errors.pydantic.dev/2.11/v/extra_forbidden
E   DEVENVIRO_LANGFUSE_HOST
E     Extra inputs are not permitted [type=extra_forbidden, input_value='https://cloud.langfuse.com', input_type=str]
E       For further information visit https://errors.pydantic.dev/2.11/v/extra_forbidden
E   DEVENVIRO_LANGFUSE_PUBLIC_KEY
E     Extra inputs are not permitted [type=extra_forbidden, input_value='pk-lf-REDACTED_FOR_COMMIT', input_type=str]
E       For further information visit https://errors.pydantic.dev/2.11/v/extra_forbidden
E   DEVENVIRO_LANGFUSE_SECRET_KEY
E     Extra inputs are not permitted [type=extra_forbidden, input_value='REDACTED_FOR_COMMIT', input_type=str]
E       For further information visit https://errors.pydantic.dev/2.11/v/extra_forbidden
E   MEMOS_LANGFUSE_HOST
E     Extra inputs are not permitted [type=extra_forbidden, input_value='https://cloud.langfuse.com', input_type=str]
E       For further information visit https://errors.pydantic.dev/2.11/v/extra_forbidden
E   MEMOS_LANGFUSE_PUBLIC_KEY
E     Extra inputs are not permitted [type=extra_forbidden, input_value='pk-lf-REDACTED_FOR_COMMIT', input_type=str]
E       For further information visit https://errors.pydantic.dev/2.11/v/extra_forbidden
E   MEMOS_LANGFUSE_SECRET_KEY
E     Extra inputs are not permitted [type=extra_forbidden, input_value='REDACTED_FOR_COMMIT', input_type=str]
E       For further information visit https://errors.pydantic.dev/2.11/v/extra_forbidden
E   TOOLS_LANGFUSE_HOST
E     Extra inputs are not permitted [type=extra_forbidden, input_value='https://cloud.langfuse.com', input_type=str]
E       For further information visit https://errors.pydantic.dev/2.11/v/extra_forbidden
E   TOOLS_LANGFUSE_PUBLIC_KEY
E     Extra inputs are not permitted [type=extra_forbidden, input_value='pk-lf-REDACTED_FOR_COMMIT', input_type=str]
E       For further information visit https://errors.pydantic.dev/2.11/v/extra_forbidden
E   TOOLS_LANGFUSE_SECRET_KEY
E     Extra inputs are not permitted [type=extra_forbidden, input_value='REDACTED_FOR_COMMIT', input_type=str]
E       For further information visit https://errors.pydantic.dev/2.11/v/extra_forbidden
E   CLICKHOUSE_HOST
E     Extra inputs are not permitted [type=extra_forbidden, input_value='clickhouse', input_type=str]
E       For further information visit https://errors.pydantic.dev/2.11/v/extra_forbidden
E   CLICKHOUSE_PORT
E     Extra inputs are not permitted [type=extra_forbidden, input_value='8123', input_type=str]
E       For further information visit https://errors.pydantic.dev/2.11/v/extra_forbidden
E   CLICKHOUSE_USER
E     Extra inputs are not permitted [type=extra_forbidden, input_value='clickhouse_user', input_type=str]
E       For further information visit https://errors.pydantic.dev/2.11/v/extra_forbidden
E   CLICKHOUSE_PASSWORD
E     Extra inputs are not permitted [type=extra_forbidden, input_value='Apexsigma123_', input_type=str]
E       For further information visit https://errors.pydantic.dev/2.11/v/extra_forbidden
E   CLICKHOUSE_DB
E     Extra inputs are not permitted [type=extra_forbidden, input_value='apexsigma_observability', input_type=str]
E       For further information visit https://errors.pydantic.dev/2.11/v/extra_forbidden
E   CLICKHOUSE_NATIVE_PORT
E     Extra inputs are not permitted [type=extra_forbidden, input_value='9000', input_type=str]
E       For further information visit https://errors.pydantic.dev/2.11/v/extra_forbidden
E   CLICKHOUSE_URL
E     Extra inputs are not permitted [type=extra_forbidden, input_value='http://clickhouse_user:A...apexsigma_observability', input_type=str]
E       For further information visit https://errors.pydantic.dev/2.11/v/extra_forbidden</error></testcase><testcase classname="" name="services.InGest-LLM.as.tests.test_chat_summarizer" file="services/InGest-LLM.as/tests/test_chat_summarizer.py" time="0.000"><error message="collection failure">ImportError while importing test module 'C:\Users\steyn\ApexSigmaProjects.Dev\services\InGest-LLM.as\tests\test_chat_summarizer.py'.
Hint: make sure your test modules/packages have valid Python names.
Traceback:
C:\Python313\Lib\importlib\__init__.py:88: in import_module
    return _bootstrap._gcd_import(name[level:], package, level)
           ^^^^^^^^^^^^^^^^^^^^^^^^^^^^^^^^^^^^^^^^^^^^^^^^^^^^
E   ModuleNotFoundError: No module named 'tests.test_chat_summarizer'</error></testcase><testcase classname="" name="services.InGest-LLM.as.tests.test_ecosystem_ingestion" file="services/InGest-LLM.as/tests/test_ecosystem_ingestion.py" time="0.000"><error message="collection failure">ImportError while importing test module 'C:\Users\steyn\ApexSigmaProjects.Dev\services\InGest-LLM.as\tests\test_ecosystem_ingestion.py'.
Hint: make sure your test modules/packages have valid Python names.
Traceback:
C:\Python313\Lib\importlib\__init__.py:88: in import_module
    return _bootstrap._gcd_import(name[level:], package, level)
           ^^^^^^^^^^^^^^^^^^^^^^^^^^^^^^^^^^^^^^^^^^^^^^^^^^^^
E   ModuleNotFoundError: No module named 'tests.test_ecosystem_ingestion'</error></testcase><testcase classname="" name="services.InGest-LLM.as.tests.test_ingestion_e2e" file="services/InGest-LLM.as/tests/test_ingestion_e2e.py" time="0.000"><error message="collection failure">ImportError while importing test module 'C:\Users\steyn\ApexSigmaProjects.Dev\services\InGest-LLM.as\tests\test_ingestion_e2e.py'.
Hint: make sure your test modules/packages have valid Python names.
Traceback:
C:\Python313\Lib\importlib\__init__.py:88: in import_module
    return _bootstrap._gcd_import(name[level:], package, level)
           ^^^^^^^^^^^^^^^^^^^^^^^^^^^^^^^^^^^^^^^^^^^^^^^^^^^^
E   ModuleNotFoundError: No module named 'tests.test_ingestion_e2e'</error></testcase><testcase classname="" name="services.InGest-LLM.as.tests.test_langfuse_connection" file="services/InGest-LLM.as/tests/test_langfuse_connection.py" time="0.000"><error message="collection failure">ImportError while importing test module 'C:\Users\steyn\ApexSigmaProjects.Dev\services\InGest-LLM.as\tests\test_langfuse_connection.py'.
Hint: make sure your test modules/packages have valid Python names.
Traceback:
C:\Python313\Lib\importlib\__init__.py:88: in import_module
    return _bootstrap._gcd_import(name[level:], package, level)
           ^^^^^^^^^^^^^^^^^^^^^^^^^^^^^^^^^^^^^^^^^^^^^^^^^^^^
E   ModuleNotFoundError: No module named 'tests.test_langfuse_connection'</error></testcase><testcase classname="" name="services.InGest-LLM.as.tests.test_langfuse_decorator" file="services/InGest-LLM.as/tests/test_langfuse_decorator.py" time="0.000"><error message="collection failure">ImportError while importing test module 'C:\Users\steyn\ApexSigmaProjects.Dev\services\InGest-LLM.as\tests\test_langfuse_decorator.py'.
Hint: make sure your test modules/packages have valid Python names.
Traceback:
C:\Python313\Lib\importlib\__init__.py:88: in import_module
    return _bootstrap._gcd_import(name[level:], package, level)
           ^^^^^^^^^^^^^^^^^^^^^^^^^^^^^^^^^^^^^^^^^^^^^^^^^^^^
E   ModuleNotFoundError: No module named 'tests.test_langfuse_decorator'</error></testcase><testcase classname="" name="services.InGest-LLM.as.tests.test_llm_trace" file="services/InGest-LLM.as/tests/test_llm_trace.py" time="0.000"><error message="collection failure">ImportError while importing test module 'C:\Users\steyn\ApexSigmaProjects.Dev\services\InGest-LLM.as\tests\test_llm_trace.py'.
Hint: make sure your test modules/packages have valid Python names.
Traceback:
C:\Python313\Lib\importlib\__init__.py:88: in import_module
    return _bootstrap._gcd_import(name[level:], package, level)
           ^^^^^^^^^^^^^^^^^^^^^^^^^^^^^^^^^^^^^^^^^^^^^^^^^^^^
E   ModuleNotFoundError: No module named 'tests.test_llm_trace'</error></testcase><testcase classname="" name="services.InGest-LLM.as.tests.test_memos_integration_core" file="services/InGest-LLM.as/tests/test_memos_integration_core.py" time="0.000"><error message="collection failure">ImportError while importing test module 'C:\Users\steyn\ApexSigmaProjects.Dev\services\InGest-LLM.as\tests\test_memos_integration_core.py'.
Hint: make sure your test modules/packages have valid Python names.
Traceback:
C:\Python313\Lib\importlib\__init__.py:88: in import_module
    return _bootstrap._gcd_import(name[level:], package, level)
           ^^^^^^^^^^^^^^^^^^^^^^^^^^^^^^^^^^^^^^^^^^^^^^^^^^^^
E   ModuleNotFoundError: No module named 'tests.test_memos_integration_core'</error></testcase><testcase classname="" name="services.InGest-LLM.as.tests.test_nomic_embeddings" file="services/InGest-LLM.as/tests/test_nomic_embeddings.py" time="0.000"><error message="collection failure">ImportError while importing test module 'C:\Users\steyn\ApexSigmaProjects.Dev\services\InGest-LLM.as\tests\test_nomic_embeddings.py'.
Hint: make sure your test modules/packages have valid Python names.
Traceback:
C:\Python313\Lib\importlib\__init__.py:88: in import_module
    return _bootstrap._gcd_import(name[level:], package, level)
           ^^^^^^^^^^^^^^^^^^^^^^^^^^^^^^^^^^^^^^^^^^^^^^^^^^^^
E   ModuleNotFoundError: No module named 'tests.test_nomic_embeddings'</error></testcase><testcase classname="" name="services.InGest-LLM.as.tests.test_qwen_integration" file="services/InGest-LLM.as/tests/test_qwen_integration.py" time="0.000"><error message="collection failure">ImportError while importing test module 'C:\Users\steyn\ApexSigmaProjects.Dev\services\InGest-LLM.as\tests\test_qwen_integration.py'.
Hint: make sure your test modules/packages have valid Python names.
Traceback:
C:\Python313\Lib\importlib\__init__.py:88: in import_module
    return _bootstrap._gcd_import(name[level:], package, level)
           ^^^^^^^^^^^^^^^^^^^^^^^^^^^^^^^^^^^^^^^^^^^^^^^^^^^^
E   ModuleNotFoundError: No module named 'tests.test_qwen_integration'</error></testcase><testcase classname="" name="services.InGest-LLM.as.tests.test_repository_ingestion" file="services/InGest-LLM.as/tests/test_repository_ingestion.py" time="0.000"><error message="collection failure">ImportError while importing test module 'C:\Users\steyn\ApexSigmaProjects.Dev\services\InGest-LLM.as\tests\test_repository_ingestion.py'.
Hint: make sure your test modules/packages have valid Python names.
Traceback:
C:\Python313\Lib\importlib\__init__.py:88: in import_module
    return _bootstrap._gcd_import(name[level:], package, level)
           ^^^^^^^^^^^^^^^^^^^^^^^^^^^^^^^^^^^^^^^^^^^^^^^^^^^^
E   ModuleNotFoundError: No module named 'tests.test_repository_ingestion'</error></testcase><testcase classname="" name="services.devenviro.as.app.tests.core.test_database" file="services/devenviro.as/app/tests/core/test_database.py" time="0.000"><error message="collection failure">services\devenviro.as\app\tests\core\test_database.py:9: in &lt;module&gt;
    from app.src.core import database
services\devenviro.as\app\src\core\database.py:21: in &lt;module&gt;
    from config.settings import settings
config\settings.py:114: in &lt;module&gt;
    settings = Settings()
               ^^^^^^^^^^
..\AppData\Roaming\Python\Python313\site-packages\pydantic_settings\main.py:188: in __init__
    super().__init__(
E   pydantic_core._pydantic_core.ValidationError: 20 validation errors for Settings
E   REDIS_PASSWORD
E     Extra inputs are not permitted [type=extra_forbidden, input_value='Apexsigma123_', input_type=str]
E       For further information visit https://errors.pydantic.dev/2.11/v/extra_forbidden
E   INGEST_LLM_LANGFUSE_HOST
E     Extra inputs are not permitted [type=extra_forbidden, input_value='https://cloud.langfuse.com', input_type=str]
E       For further information visit https://errors.pydantic.dev/2.11/v/extra_forbidden
E   INGEST_LLM_LANGFUSE_PUBLIC_KEY
E     Extra inputs are not permitted [type=extra_forbidden, input_value='pk-lf-REDACTED_FOR_COMMIT', input_type=str]
E       For further information visit https://errors.pydantic.dev/2.11/v/extra_forbidden
E   INGEST_LLM_LANGFUSE_SECRET_KEY
E     Extra inputs are not permitted [type=extra_forbidden, input_value='REDACTED_FOR_COMMIT', input_type=str]
E       For further information visit https://errors.pydantic.dev/2.11/v/extra_forbidden
E   DEVENVIRO_LANGFUSE_HOST
E     Extra inputs are not permitted [type=extra_forbidden, input_value='https://cloud.langfuse.com', input_type=str]
E       For further information visit https://errors.pydantic.dev/2.11/v/extra_forbidden
E   DEVENVIRO_LANGFUSE_PUBLIC_KEY
E     Extra inputs are not permitted [type=extra_forbidden, input_value='pk-lf-REDACTED_FOR_COMMIT', input_type=str]
E       For further information visit https://errors.pydantic.dev/2.11/v/extra_forbidden
E   DEVENVIRO_LANGFUSE_SECRET_KEY
E     Extra inputs are not permitted [type=extra_forbidden, input_value='REDACTED_FOR_COMMIT', input_type=str]
E       For further information visit https://errors.pydantic.dev/2.11/v/extra_forbidden
E   MEMOS_LANGFUSE_HOST
E     Extra inputs are not permitted [type=extra_forbidden, input_value='https://cloud.langfuse.com', input_type=str]
E       For further information visit https://errors.pydantic.dev/2.11/v/extra_forbidden
E   MEMOS_LANGFUSE_PUBLIC_KEY
E     Extra inputs are not permitted [type=extra_forbidden, input_value='pk-lf-REDACTED_FOR_COMMIT', input_type=str]
E       For further information visit https://errors.pydantic.dev/2.11/v/extra_forbidden
E   MEMOS_LANGFUSE_SECRET_KEY
E     Extra inputs are not permitted [type=extra_forbidden, input_value='REDACTED_FOR_COMMIT', input_type=str]
E       For further information visit https://errors.pydantic.dev/2.11/v/extra_forbidden
E   TOOLS_LANGFUSE_HOST
E     Extra inputs are not permitted [type=extra_forbidden, input_value='https://cloud.langfuse.com', input_type=str]
E       For further information visit https://errors.pydantic.dev/2.11/v/extra_forbidden
E   TOOLS_LANGFUSE_PUBLIC_KEY
E     Extra inputs are not permitted [type=extra_forbidden, input_value='pk-lf-REDACTED_FOR_COMMIT', input_type=str]
E       For further information visit https://errors.pydantic.dev/2.11/v/extra_forbidden
E   TOOLS_LANGFUSE_SECRET_KEY
E     Extra inputs are not permitted [type=extra_forbidden, input_value='REDACTED_FOR_COMMIT', input_type=str]
E       For further information visit https://errors.pydantic.dev/2.11/v/extra_forbidden
E   CLICKHOUSE_HOST
E     Extra inputs are not permitted [type=extra_forbidden, input_value='clickhouse', input_type=str]
E       For further information visit https://errors.pydantic.dev/2.11/v/extra_forbidden
E   CLICKHOUSE_PORT
E     Extra inputs are not permitted [type=extra_forbidden, input_value='8123', input_type=str]
E       For further information visit https://errors.pydantic.dev/2.11/v/extra_forbidden
E   CLICKHOUSE_USER
E     Extra inputs are not permitted [type=extra_forbidden, input_value='clickhouse_user', input_type=str]
E       For further information visit https://errors.pydantic.dev/2.11/v/extra_forbidden
E   CLICKHOUSE_PASSWORD
E     Extra inputs are not permitted [type=extra_forbidden, input_value='Apexsigma123_', input_type=str]
E       For further information visit https://errors.pydantic.dev/2.11/v/extra_forbidden
E   CLICKHOUSE_DB
E     Extra inputs are not permitted [type=extra_forbidden, input_value='apexsigma_observability', input_type=str]
E       For further information visit https://errors.pydantic.dev/2.11/v/extra_forbidden
E   CLICKHOUSE_NATIVE_PORT
E     Extra inputs are not permitted [type=extra_forbidden, input_value='9000', input_type=str]
E       For further information visit https://errors.pydantic.dev/2.11/v/extra_forbidden
E   CLICKHOUSE_URL
E     Extra inputs are not permitted [type=extra_forbidden, input_value='http://clickhouse_user:A...apexsigma_observability', input_type=str]
E       For further information visit https://errors.pydantic.dev/2.11/v/extra_forbidden</error></testcase><testcase classname="" name="services.devenviro.as.app.tests.services.test_database_migration" file="services/devenviro.as/app/tests/services/test_database_migration.py" time="0.000"><error message="collection failure">services\devenviro.as\app\tests\services\test_database_migration.py:8: in &lt;module&gt;
    from app.src.services.database_migration import DatabaseMigration
services\devenviro.as\app\src\services\database_migration.py:7: in &lt;module&gt;
    from app.src.core.database import get_db_connection
services\devenviro.as\app\src\core\database.py:21: in &lt;module&gt;
    from config.settings import settings
config\settings.py:114: in &lt;module&gt;
    settings = Settings()
               ^^^^^^^^^^
..\AppData\Roaming\Python\Python313\site-packages\pydantic_settings\main.py:188: in __init__
    super().__init__(
E   pydantic_core._pydantic_core.ValidationError: 20 validation errors for Settings
E   REDIS_PASSWORD
E     Extra inputs are not permitted [type=extra_forbidden, input_value='Apexsigma123_', input_type=str]
E       For further information visit https://errors.pydantic.dev/2.11/v/extra_forbidden
E   INGEST_LLM_LANGFUSE_HOST
E     Extra inputs are not permitted [type=extra_forbidden, input_value='https://cloud.langfuse.com', input_type=str]
E       For further information visit https://errors.pydantic.dev/2.11/v/extra_forbidden
E   INGEST_LLM_LANGFUSE_PUBLIC_KEY
E     Extra inputs are not permitted [type=extra_forbidden, input_value='pk-lf-REDACTED_FOR_COMMIT', input_type=str]
E       For further information visit https://errors.pydantic.dev/2.11/v/extra_forbidden
E   INGEST_LLM_LANGFUSE_SECRET_KEY
E     Extra inputs are not permitted [type=extra_forbidden, input_value='REDACTED_FOR_COMMIT', input_type=str]
E       For further information visit https://errors.pydantic.dev/2.11/v/extra_forbidden
E   DEVENVIRO_LANGFUSE_HOST
E     Extra inputs are not permitted [type=extra_forbidden, input_value='https://cloud.langfuse.com', input_type=str]
E       For further information visit https://errors.pydantic.dev/2.11/v/extra_forbidden
E   DEVENVIRO_LANGFUSE_PUBLIC_KEY
E     Extra inputs are not permitted [type=extra_forbidden, input_value='pk-lf-REDACTED_FOR_COMMIT', input_type=str]
E       For further information visit https://errors.pydantic.dev/2.11/v/extra_forbidden
E   DEVENVIRO_LANGFUSE_SECRET_KEY
E     Extra inputs are not permitted [type=extra_forbidden, input_value='REDACTED_FOR_COMMIT', input_type=str]
E       For further information visit https://errors.pydantic.dev/2.11/v/extra_forbidden
E   MEMOS_LANGFUSE_HOST
E     Extra inputs are not permitted [type=extra_forbidden, input_value='https://cloud.langfuse.com', input_type=str]
E       For further information visit https://errors.pydantic.dev/2.11/v/extra_forbidden
E   MEMOS_LANGFUSE_PUBLIC_KEY
E     Extra inputs are not permitted [type=extra_forbidden, input_value='pk-lf-REDACTED_FOR_COMMIT', input_type=str]
E       For further information visit https://errors.pydantic.dev/2.11/v/extra_forbidden
E   MEMOS_LANGFUSE_SECRET_KEY
E     Extra inputs are not permitted [type=extra_forbidden, input_value='REDACTED_FOR_COMMIT', input_type=str]
E       For further information visit https://errors.pydantic.dev/2.11/v/extra_forbidden
E   TOOLS_LANGFUSE_HOST
E     Extra inputs are not permitted [type=extra_forbidden, input_value='https://cloud.langfuse.com', input_type=str]
E       For further information visit https://errors.pydantic.dev/2.11/v/extra_forbidden
E   TOOLS_LANGFUSE_PUBLIC_KEY
E     Extra inputs are not permitted [type=extra_forbidden, input_value='pk-lf-REDACTED_FOR_COMMIT', input_type=str]
E       For further information visit https://errors.pydantic.dev/2.11/v/extra_forbidden
E   TOOLS_LANGFUSE_SECRET_KEY
E     Extra inputs are not permitted [type=extra_forbidden, input_value='REDACTED_FOR_COMMIT', input_type=str]
E       For further information visit https://errors.pydantic.dev/2.11/v/extra_forbidden
E   CLICKHOUSE_HOST
E     Extra inputs are not permitted [type=extra_forbidden, input_value='clickhouse', input_type=str]
E       For further information visit https://errors.pydantic.dev/2.11/v/extra_forbidden
E   CLICKHOUSE_PORT
E     Extra inputs are not permitted [type=extra_forbidden, input_value='8123', input_type=str]
E       For further information visit https://errors.pydantic.dev/2.11/v/extra_forbidden
E   CLICKHOUSE_USER
E     Extra inputs are not permitted [type=extra_forbidden, input_value='clickhouse_user', input_type=str]
E       For further information visit https://errors.pydantic.dev/2.11/v/extra_forbidden
E   CLICKHOUSE_PASSWORD
E     Extra inputs are not permitted [type=extra_forbidden, input_value='Apexsigma123_', input_type=str]
E       For further information visit https://errors.pydantic.dev/2.11/v/extra_forbidden
E   CLICKHOUSE_DB
E     Extra inputs are not permitted [type=extra_forbidden, input_value='apexsigma_observability', input_type=str]
E       For further information visit https://errors.pydantic.dev/2.11/v/extra_forbidden
E   CLICKHOUSE_NATIVE_PORT
E     Extra inputs are not permitted [type=extra_forbidden, input_value='9000', input_type=str]
E       For further information visit https://errors.pydantic.dev/2.11/v/extra_forbidden
E   CLICKHOUSE_URL
E     Extra inputs are not permitted [type=extra_forbidden, input_value='http://clickhouse_user:A...apexsigma_observability', input_type=str]
E       For further information visit https://errors.pydantic.dev/2.11/v/extra_forbidden</error></testcase><testcase classname="" name="services.devenviro.as.app.tests.test_agent_database" file="services/devenviro.as/app/tests/test_agent_database.py" time="0.000"><error message="collection failure">ImportError while importing test module 'C:\Users\steyn\ApexSigmaProjects.Dev\services\devenviro.as\app\tests\test_agent_database.py'.
Hint: make sure your test modules/packages have valid Python names.
Traceback:
C:\Python313\Lib\importlib\__init__.py:88: in import_module
    return _bootstrap._gcd_import(name[level:], package, level)
           ^^^^^^^^^^^^^^^^^^^^^^^^^^^^^^^^^^^^^^^^^^^^^^^^^^^^
services\devenviro.as\app\tests\test_agent_database.py:16: in &lt;module&gt;
    from src.core.agent_database import (
E   ModuleNotFoundError: No module named 'src.core'</error></testcase><testcase classname="" name="services.memos.as.app.tests.test_graph_api" file="services/memos.as/app/tests/test_graph_api.py" time="0.000"><error message="collection failure">ImportError while importing test module 'C:\Users\steyn\ApexSigmaProjects.Dev\services\memos.as\app\tests\test_graph_api.py'.
Hint: make sure your test modules/packages have valid Python names.
Traceback:
C:\Python313\Lib\importlib\__init__.py:88: in import_module
    return _bootstrap._gcd_import(name[level:], package, level)
           ^^^^^^^^^^^^^^^^^^^^^^^^^^^^^^^^^^^^^^^^^^^^^^^^^^^^
services\memos.as\app\tests\test_graph_api.py:4: in &lt;module&gt;
    from app.services.neo4j_client import Neo4jClient
E   ModuleNotFoundError: No module named 'app.services'</error></testcase><testcase classname="" name="services.memos.as.app.tests.test_ingest_integration" file="services/memos.as/app/tests/test_ingest_integration.py" time="0.000"><error message="collection failure">ImportError while importing test module 'C:\Users\steyn\ApexSigmaProjects.Dev\services\memos.as\app\tests\test_ingest_integration.py'.
Hint: make sure your test modules/packages have valid Python names.
Traceback:
C:\Python313\Lib\importlib\__init__.py:88: in import_module
    return _bootstrap._gcd_import(name[level:], package, level)
           ^^^^^^^^^^^^^^^^^^^^^^^^^^^^^^^^^^^^^^^^^^^^^^^^^^^^
services\memos.as\app\tests\test_ingest_integration.py:12: in &lt;module&gt;
    from app.main import app
E   ModuleNotFoundError: No module named 'app.main'</error></testcase><testcase classname="" name="services.memos.as.app.tests.test_integration" file="services/memos.as/app/tests/test_integration.py" time="0.000"><error message="collection failure">ImportError while importing test module 'C:\Users\steyn\ApexSigmaProjects.Dev\services\memos.as\app\tests\test_integration.py'.
Hint: make sure your test modules/packages have valid Python names.
Traceback:
C:\Python313\Lib\importlib\__init__.py:88: in import_module
    return _bootstrap._gcd_import(name[level:], package, level)
           ^^^^^^^^^^^^^^^^^^^^^^^^^^^^^^^^^^^^^^^^^^^^^^^^^^^^
services\memos.as\app\tests\test_integration.py:3: in &lt;module&gt;
    from app.main import app
E   ModuleNotFoundError: No module named 'app.main'</error></testcase><testcase classname="" name="services.memos.as.app.tests.test_neo4j_client" file="services/memos.as/app/tests/test_neo4j_client.py" time="0.000"><error message="collection failure">ImportError while importing test module 'C:\Users\steyn\ApexSigmaProjects.Dev\services\memos.as\app\tests\test_neo4j_client.py'.
Hint: make sure your test modules/packages have valid Python names.
Traceback:
C:\Python313\Lib\importlib\__init__.py:88: in import_module
    return _bootstrap._gcd_import(name[level:], package, level)
           ^^^^^^^^^^^^^^^^^^^^^^^^^^^^^^^^^^^^^^^^^^^^^^^^^^^^
services\memos.as\app\tests\test_neo4j_client.py:2: in &lt;module&gt;
    from app.services.neo4j_client import Neo4jClient
E   ModuleNotFoundError: No module named 'app.services'</error></testcase><testcase classname="" name="services.memos.as.app.tests.test_tiered_storage" file="services/memos.as/app/tests/test_tiered_storage.py" time="0.000"><error message="collection failure">ImportError while importing test module 'C:\Users\steyn\ApexSigmaProjects.Dev\services\memos.as\app\tests\test_tiered_storage.py'.
Hint: make sure your test modules/packages have valid Python names.
Traceback:
C:\Python313\Lib\importlib\__init__.py:88: in import_module
    return _bootstrap._gcd_import(name[level:], package, level)
           ^^^^^^^^^^^^^^^^^^^^^^^^^^^^^^^^^^^^^^^^^^^^^^^^^^^^
services\memos.as\app\tests\test_tiered_storage.py:6: in &lt;module&gt;
    from app.services.redis_client import RedisClient
E   ModuleNotFoundError: No module named 'app.services'</error></testcase><testcase classname="" name="services.memos.as.libs.apexsigma-core.tests.test_models" file="services/memos.as/libs/apexsigma-core/tests/test_models.py" time="0.000"><error message="collection failure">import file mismatch:
imported module 'tests.test_models' has this __file__ attribute:
  C:\Users\steyn\ApexSigmaProjects.Dev\libs\apexsigma-core\tests\test_models.py
which is not the same as the test file we want to collect:
  C:\Users\steyn\ApexSigmaProjects.Dev\services\memos.as\libs\apexsigma-core\tests\test_models.py
HINT: remove __pycache__ / .pyc files and/or use a unique basename for your test file modules</error></testcase><testcase classname="" name="services.memos.as.libs.apexsigma-core.tests.test_utils" file="services/memos.as/libs/apexsigma-core/tests/test_utils.py" time="0.000"><error message="collection failure">import file mismatch:
imported module 'tests.test_utils' has this __file__ attribute:
  C:\Users\steyn\ApexSigmaProjects.Dev\libs\apexsigma-core\tests\test_utils.py
which is not the same as the test file we want to collect:
  C:\Users\steyn\ApexSigmaProjects.Dev\services\memos.as\libs\apexsigma-core\tests\test_utils.py
HINT: remove __pycache__ / .pyc files and/or use a unique basename for your test file modules</error></testcase><testcase classname="" name="services.memos.as.test_imports" file="services/memos.as/test_imports.py" time="0.000"><error message="collection failure">import file mismatch:
imported module 'test_imports' has this __file__ attribute:
  C:\Users\steyn\ApexSigmaProjects.Dev\services\devenviro.as\test_imports.py
which is not the same as the test file we want to collect:
  C:\Users\steyn\ApexSigmaProjects.Dev\services\memos.as\test_imports.py
HINT: remove __pycache__ / .pyc files and/or use a unique basename for your test file modules</error></testcase><testcase classname="" name="services.memos.as.bak.app.tests.integration.test_expire_memories" file="services/memos.as.bak/app/tests/integration/test_expire_memories.py" time="0.000"><error message="collection failure">ImportError while importing test module 'C:\Users\steyn\ApexSigmaProjects.Dev\services\memos.as.bak\app\tests\integration\test_expire_memories.py'.
Hint: make sure your test modules/packages have valid Python names.
Traceback:
C:\Python313\Lib\importlib\__init__.py:88: in import_module
    return _bootstrap._gcd_import(name[level:], package, level)
           ^^^^^^^^^^^^^^^^^^^^^^^^^^^^^^^^^^^^^^^^^^^^^^^^^^^^
C:\Users\steyn\ApexSigmaProjects.Dev\MCP_Server_Builds\memos.as\app\tests\integration\test_expire_memories.py:5: in &lt;module&gt;
    ???
E   ModuleNotFoundError: No module named 'app.services'</error></testcase><testcase classname="" name="services.memos.as.bak.app.tests.test_api" file="services/memos.as.bak/app/tests/test_api.py" time="0.000"><error message="collection failure">import file mismatch:
imported module 'test_api' has this __file__ attribute:
  C:\Users\steyn\ApexSigmaProjects.Dev\services\memos.as\app\tests\test_api.py
which is not the same as the test file we want to collect:
  C:\Users\steyn\ApexSigmaProjects.Dev\services\memos.as.bak\app\tests\test_api.py
HINT: remove __pycache__ / .pyc files and/or use a unique basename for your test file modules</error></testcase><testcase classname="" name="services.memos.as.bak.app.tests.test_graph_api" file="services/memos.as.bak/app/tests/test_graph_api.py" time="0.000"><error message="collection failure">ImportError while importing test module 'C:\Users\steyn\ApexSigmaProjects.Dev\services\memos.as.bak\app\tests\test_graph_api.py'.
Hint: make sure your test modules/packages have valid Python names.
Traceback:
C:\Python313\Lib\importlib\__init__.py:88: in import_module
    return _bootstrap._gcd_import(name[level:], package, level)
           ^^^^^^^^^^^^^^^^^^^^^^^^^^^^^^^^^^^^^^^^^^^^^^^^^^^^
C:\Users\steyn\ApexSigmaProjects.Dev\MCP_Server_Builds\memos.as\app\tests\test_graph_api.py:4: in &lt;module&gt;
    ???
E   ModuleNotFoundError: No module named 'app.services'</error></testcase><testcase classname="" name="services.memos.as.bak.app.tests.test_ingest_integration" file="services/memos.as.bak/app/tests/test_ingest_integration.py" time="0.000"><error message="collection failure">ImportError while importing test module 'C:\Users\steyn\ApexSigmaProjects.Dev\services\memos.as.bak\app\tests\test_ingest_integration.py'.
Hint: make sure your test modules/packages have valid Python names.
Traceback:
C:\Python313\Lib\importlib\__init__.py:88: in import_module
    return _bootstrap._gcd_import(name[level:], package, level)
           ^^^^^^^^^^^^^^^^^^^^^^^^^^^^^^^^^^^^^^^^^^^^^^^^^^^^
C:\Users\steyn\ApexSigmaProjects.Dev\MCP_Server_Builds\memos.as\app\tests\test_ingest_integration.py:12: in &lt;module&gt;
    ???
E   ModuleNotFoundError: No module named 'app.main'</error></testcase><testcase classname="" name="services.memos.as.bak.app.tests.test_integration" file="services/memos.as.bak/app/tests/test_integration.py" time="0.000"><error message="collection failure">ImportError while importing test module 'C:\Users\steyn\ApexSigmaProjects.Dev\services\memos.as.bak\app\tests\test_integration.py'.
Hint: make sure your test modules/packages have valid Python names.
Traceback:
C:\Python313\Lib\importlib\__init__.py:88: in import_module
    return _bootstrap._gcd_import(name[level:], package, level)
           ^^^^^^^^^^^^^^^^^^^^^^^^^^^^^^^^^^^^^^^^^^^^^^^^^^^^
C:\Users\steyn\ApexSigmaProjects.Dev\MCP_Server_Builds\memos.as\app\tests\test_integration.py:3: in &lt;module&gt;
    ???
E   ModuleNotFoundError: No module named 'app.main'</error></testcase><testcase classname="" name="services.memos.as.bak.app.tests.test_neo4j_client" file="services/memos.as.bak/app/tests/test_neo4j_client.py" time="0.000"><error message="collection failure">ImportError while importing test module 'C:\Users\steyn\ApexSigmaProjects.Dev\services\memos.as.bak\app\tests\test_neo4j_client.py'.
Hint: make sure your test modules/packages have valid Python names.
Traceback:
C:\Python313\Lib\importlib\__init__.py:88: in import_module
    return _bootstrap._gcd_import(name[level:], package, level)
           ^^^^^^^^^^^^^^^^^^^^^^^^^^^^^^^^^^^^^^^^^^^^^^^^^^^^
C:\Users\steyn\ApexSigmaProjects.Dev\MCP_Server_Builds\memos.as\app\tests\test_neo4j_client.py:2: in &lt;module&gt;
    ???
E   ModuleNotFoundError: No module named 'app.services'</error></testcase><testcase classname="" name="services.memos.as.bak.app.tests.test_simple" file="services/memos.as.bak/app/tests/test_simple.py" time="0.000"><error message="collection failure">import file mismatch:
imported module 'test_simple' has this __file__ attribute:
  C:\Users\steyn\ApexSigmaProjects.Dev\services\memos.as\app\tests\test_simple.py
which is not the same as the test file we want to collect:
  C:\Users\steyn\ApexSigmaProjects.Dev\services\memos.as.bak\app\tests\test_simple.py
HINT: remove __pycache__ / .pyc files and/or use a unique basename for your test file modules</error></testcase><testcase classname="" name="services.memos.as.bak.app.tests.test_tiered_storage" file="services/memos.as.bak/app/tests/test_tiered_storage.py" time="0.000"><error message="collection failure">ImportError while importing test module 'C:\Users\steyn\ApexSigmaProjects.Dev\services\memos.as.bak\app\tests\test_tiered_storage.py'.
Hint: make sure your test modules/packages have valid Python names.
Traceback:
C:\Python313\Lib\importlib\__init__.py:88: in import_module
    return _bootstrap._gcd_import(name[level:], package, level)
           ^^^^^^^^^^^^^^^^^^^^^^^^^^^^^^^^^^^^^^^^^^^^^^^^^^^^
C:\Users\steyn\ApexSigmaProjects.Dev\MCP_Server_Builds\memos.as\app\tests\test_tiered_storage.py:6: in &lt;module&gt;
    ???
E   ModuleNotFoundError: No module named 'app.services'</error></testcase><testcase classname="" name="services.memos.as.bak.app.tests.unit.test_redis_ttl" file="services/memos.as.bak/app/tests/unit/test_redis_ttl.py" time="0.000"><error message="collection failure">ImportError while importing test module 'C:\Users\steyn\ApexSigmaProjects.Dev\services\memos.as.bak\app\tests\unit\test_redis_ttl.py'.
Hint: make sure your test modules/packages have valid Python names.
Traceback:
C:\Python313\Lib\importlib\__init__.py:88: in import_module
    return _bootstrap._gcd_import(name[level:], package, level)
           ^^^^^^^^^^^^^^^^^^^^^^^^^^^^^^^^^^^^^^^^^^^^^^^^^^^^
C:\Users\steyn\ApexSigmaProjects.Dev\MCP_Server_Builds\memos.as\app\tests\unit\test_redis_ttl.py:4: in &lt;module&gt;
    ???
E   ModuleNotFoundError: No module named 'app.services'</error></testcase><testcase classname="" name="services.memos.as.bak.tests.test_background_worker" file="services/memos.as.bak/tests/test_background_worker.py" time="0.000"><error message="collection failure">ImportError while importing test module 'C:\Users\steyn\ApexSigmaProjects.Dev\services\memos.as.bak\tests\test_background_worker.py'.
Hint: make sure your test modules/packages have valid Python names.
Traceback:
C:\Python313\Lib\importlib\__init__.py:88: in import_module
    return _bootstrap._gcd_import(name[level:], package, level)
           ^^^^^^^^^^^^^^^^^^^^^^^^^^^^^^^^^^^^^^^^^^^^^^^^^^^^
C:\Users\steyn\ApexSigmaProjects.Dev\MCP_Server_Builds\memos.as\tests\test_background_worker.py:12: in &lt;module&gt;
    ???
services\memos.as.bak\app\background_worker.py:6: in &lt;module&gt;
    from app.services.postgres_client import get_postgres_client, Memory
E   ModuleNotFoundError: No module named 'app.services'</error></testcase><testcase classname="" name="services.memos.as.bak.tests.test_redis_client" file="services/memos.as.bak/tests/test_redis_client.py" time="0.000"><error message="collection failure">ImportError while importing test module 'C:\Users\steyn\ApexSigmaProjects.Dev\services\memos.as.bak\tests\test_redis_client.py'.
Hint: make sure your test modules/packages have valid Python names.
Traceback:
C:\Python313\Lib\importlib\__init__.py:88: in import_module
    return _bootstrap._gcd_import(name[level:], package, level)
           ^^^^^^^^^^^^^^^^^^^^^^^^^^^^^^^^^^^^^^^^^^^^^^^^^^^^
C:\Users\steyn\ApexSigmaProjects.Dev\MCP_Server_Builds\memos.as\tests\test_redis_client.py:11: in &lt;module&gt;
    ???
services\memos.as.bak\app\services\redis_client.py:7: in &lt;module&gt;
    from app.config import get_config
E   ImportError: cannot import name 'get_config' from 'app.config' (C:\Users\steyn\ApexSigmaProjects.Dev\services\devenviro.as\app\config.py)</error></testcase><testcase classname="" name="services.memos.as.bak.tests.test_redis_client_models" file="services/memos.as.bak/tests/test_redis_client_models.py" time="0.000"><error message="collection failure">ImportError while importing test module 'C:\Users\steyn\ApexSigmaProjects.Dev\services\memos.as.bak\tests\test_redis_client_models.py'.
Hint: make sure your test modules/packages have valid Python names.
Traceback:
C:\Python313\Lib\importlib\__init__.py:88: in import_module
    return _bootstrap._gcd_import(name[level:], package, level)
           ^^^^^^^^^^^^^^^^^^^^^^^^^^^^^^^^^^^^^^^^^^^^^^^^^^^^
C:\Users\steyn\ApexSigmaProjects.Dev\MCP_Server_Builds\memos.as\tests\test_redis_client_models.py:11: in &lt;module&gt;
    ???
services\memos.as.bak\app\services\redis_client.py:7: in &lt;module&gt;
    from app.config import get_config
E   ImportError: cannot import name 'get_config' from 'app.config' (C:\Users\steyn\ApexSigmaProjects.Dev\services\devenviro.as\app\config.py)</error></testcase><testcase classname="" name="services.tools.as.app.tests.test_main" file="services/tools.as/app/tests/test_main.py" time="0.000"><error message="collection failure">import file mismatch:
imported module 'app.tests.test_main' has this __file__ attribute:
  C:\Users\steyn\ApexSigmaProjects.Dev\services\devenviro.as\app\tests\test_main.py
which is not the same as the test file we want to collect:
  C:\Users\steyn\ApexSigmaProjects.Dev\services\tools.as\app\tests\test_main.py
HINT: remove __pycache__ / .pyc files and/or use a unique basename for your test file modules</error></testcase><testcase classname="" name="services.tools.as.tests.test_chat_thread_summarizer" file="services/tools.as/tests/test_chat_thread_summarizer.py" time="0.000"><error message="collection failure">ImportError while importing test module 'C:\Users\steyn\ApexSigmaProjects.Dev\services\tools.as\tests\test_chat_thread_summarizer.py'.
Hint: make sure your test modules/packages have valid Python names.
Traceback:
C:\Python313\Lib\importlib\__init__.py:88: in import_module
    return _bootstrap._gcd_import(name[level:], package, level)
           ^^^^^^^^^^^^^^^^^^^^^^^^^^^^^^^^^^^^^^^^^^^^^^^^^^^^
services\tools.as\tests\test_chat_thread_summarizer.py:12: in &lt;module&gt;
    from chat_thread_summarizer import ToolsThreadSummarizer, main  # type: ignore
    ^^^^^^^^^^^^^^^^^^^^^^^^^^^^^^^^^^^^^^^^^^^^^^^^^^^^^^^^^^^^^^
E   ImportError: cannot import name 'ToolsThreadSummarizer' from 'chat_thread_summarizer' (C:\Users\steyn\ApexSigmaProjects.Dev\services\InGest-LLM.as\scripts\chat_thread_summarizer.py). Did you mean: 'ChatThreadSummarizer'?</error></testcase><testcase classname="" name="services.tools.as.tests.test_main" file="services/tools.as/tests/test_main.py" time="0.000"><error message="collection failure">import file mismatch:
imported module 'test_main' has this __file__ attribute:
  C:\Users\steyn\ApexSigmaProjects.Dev\services\devenviro.as\app\tests\test_main.py
which is not the same as the test file we want to collect:
  C:\Users\steyn\ApexSigmaProjects.Dev\services\tools.as\tests\test_main.py
HINT: remove __pycache__ / .pyc files and/or use a unique basename for your test file modules</error></testcase><testcase classname="" name="services.tools.as.tests.test_models" file="services/tools.as/tests/test_models.py" time="0.000"><error message="collection failure">services\tools.as\tests\test_models.py:18: in &lt;module&gt;
    from database import Base
services\tools.as\app\database.py:18: in &lt;module&gt;
    from config.settings import settings
config\settings.py:114: in &lt;module&gt;
    settings = Settings()
               ^^^^^^^^^^
..\AppData\Roaming\Python\Python313\site-packages\pydantic_settings\main.py:188: in __init__
    super().__init__(
E   pydantic_core._pydantic_core.ValidationError: 20 validation errors for Settings
E   REDIS_PASSWORD
E     Extra inputs are not permitted [type=extra_forbidden, input_value='Apexsigma123_', input_type=str]
E       For further information visit https://errors.pydantic.dev/2.11/v/extra_forbidden
E   INGEST_LLM_LANGFUSE_HOST
E     Extra inputs are not permitted [type=extra_forbidden, input_value='https://cloud.langfuse.com', input_type=str]
E       For further information visit https://errors.pydantic.dev/2.11/v/extra_forbidden
E   INGEST_LLM_LANGFUSE_PUBLIC_KEY
E     Extra inputs are not permitted [type=extra_forbidden, input_value='pk-lf-REDACTED_FOR_COMMIT', input_type=str]
E       For further information visit https://errors.pydantic.dev/2.11/v/extra_forbidden
E   INGEST_LLM_LANGFUSE_SECRET_KEY
E     Extra inputs are not permitted [type=extra_forbidden, input_value='REDACTED_FOR_COMMIT', input_type=str]
E       For further information visit https://errors.pydantic.dev/2.11/v/extra_forbidden
E   DEVENVIRO_LANGFUSE_HOST
E     Extra inputs are not permitted [type=extra_forbidden, input_value='https://cloud.langfuse.com', input_type=str]
E       For further information visit https://errors.pydantic.dev/2.11/v/extra_forbidden
E   DEVENVIRO_LANGFUSE_PUBLIC_KEY
E     Extra inputs are not permitted [type=extra_forbidden, input_value='pk-lf-REDACTED_FOR_COMMIT', input_type=str]
E       For further information visit https://errors.pydantic.dev/2.11/v/extra_forbidden
E   DEVENVIRO_LANGFUSE_SECRET_KEY
E     Extra inputs are not permitted [type=extra_forbidden, input_value='REDACTED_FOR_COMMIT', input_type=str]
E       For further information visit https://errors.pydantic.dev/2.11/v/extra_forbidden
E   MEMOS_LANGFUSE_HOST
E     Extra inputs are not permitted [type=extra_forbidden, input_value='https://cloud.langfuse.com', input_type=str]
E       For further information visit https://errors.pydantic.dev/2.11/v/extra_forbidden
E   MEMOS_LANGFUSE_PUBLIC_KEY
E     Extra inputs are not permitted [type=extra_forbidden, input_value='pk-lf-REDACTED_FOR_COMMIT', input_type=str]
E       For further information visit https://errors.pydantic.dev/2.11/v/extra_forbidden
E   MEMOS_LANGFUSE_SECRET_KEY
E     Extra inputs are not permitted [type=extra_forbidden, input_value='REDACTED_FOR_COMMIT', input_type=str]
E       For further information visit https://errors.pydantic.dev/2.11/v/extra_forbidden
E   TOOLS_LANGFUSE_HOST
E     Extra inputs are not permitted [type=extra_forbidden, input_value='https://cloud.langfuse.com', input_type=str]
E       For further information visit https://errors.pydantic.dev/2.11/v/extra_forbidden
E   TOOLS_LANGFUSE_PUBLIC_KEY
E     Extra inputs are not permitted [type=extra_forbidden, input_value='pk-lf-REDACTED_FOR_COMMIT', input_type=str]
E       For further information visit https://errors.pydantic.dev/2.11/v/extra_forbidden
E   TOOLS_LANGFUSE_SECRET_KEY
E     Extra inputs are not permitted [type=extra_forbidden, input_value='REDACTED_FOR_COMMIT', input_type=str]
E       For further information visit https://errors.pydantic.dev/2.11/v/extra_forbidden
E   CLICKHOUSE_HOST
E     Extra inputs are not permitted [type=extra_forbidden, input_value='clickhouse', input_type=str]
E       For further information visit https://errors.pydantic.dev/2.11/v/extra_forbidden
E   CLICKHOUSE_PORT
E     Extra inputs are not permitted [type=extra_forbidden, input_value='8123', input_type=str]
E       For further information visit https://errors.pydantic.dev/2.11/v/extra_forbidden
E   CLICKHOUSE_USER
E     Extra inputs are not permitted [type=extra_forbidden, input_value='clickhouse_user', input_type=str]
E       For further information visit https://errors.pydantic.dev/2.11/v/extra_forbidden
E   CLICKHOUSE_PASSWORD
E     Extra inputs are not permitted [type=extra_forbidden, input_value='Apexsigma123_', input_type=str]
E       For further information visit https://errors.pydantic.dev/2.11/v/extra_forbidden
E   CLICKHOUSE_DB
E     Extra inputs are not permitted [type=extra_forbidden, input_value='apexsigma_observability', input_type=str]
E       For further information visit https://errors.pydantic.dev/2.11/v/extra_forbidden
E   CLICKHOUSE_NATIVE_PORT
E     Extra inputs are not permitted [type=extra_forbidden, input_value='9000', input_type=str]
E       For further information visit https://errors.pydantic.dev/2.11/v/extra_forbidden
E   CLICKHOUSE_URL
E     Extra inputs are not permitted [type=extra_forbidden, input_value='http://clickhouse_user:A...apexsigma_observability', input_type=str]
E       For further information visit https://errors.pydantic.dev/2.11/v/extra_forbidden</error></testcase></testsuite></testsuites>